<?xml version="1.0" encoding="UTF-8"?>
<testsuite xmlns:xsi="http://www.w3.org/2001/XMLSchema-instance" xsi:noNamespaceSchemaLocation="https://maven.apache.org/surefire/maven-surefire-plugin/xsd/surefire-test-report-3.0.xsd" version="3.0" name="org.skylark.langur.infrastructure.persistence.jpa.JpaRepositoriesTest" time="2.364" tests="2" errors="0" skipped="0" failures="0">
  <properties>
[...]
</properties>
  <testcase name="shouldPersistAndRestoreAgentWithConversationAndToolNames" classname="org.skylark.langur.infrastructure.persistence.jpa.JpaRepositoriesTest" time="0.417">
    <system-out><![CDATA[
  .   ____          _            __ _ _
 /\\ / ___'_ __ _ _(_)_ __  __ _ \ \ \ \
( ( )\___ | '_ | '_| | '_ \/ _` | \ \ \ \
 \\/  ___)| |_)| | | | | || (_| |  ) ) ) )
  '  |____| .__|_| |_|_| |_\__, | / / / /
 =========|_|==============|___/=/_/_/_/
 :: Spring Boot ::                (v3.2.0)

2026-06-12T08:23:06.749Z  INFO 5982 --- [           main] o.s.l.i.p.jpa.JpaRepositoriesTest        : Starting JpaRepositoriesTest using Java 17.0.19 with PID 5982 (started by runner in /home/runner/work/Langur/Langur/Jashinck/Langur/langur-infrastructure)
2026-06-12T08:23:06.755Z  INFO 5982 --- [           main] o.s.l.i.p.jpa.JpaRepositoriesTest        : No active profile set, falling back to 1 default profile: "default"
2026-06-12T08:23:06.937Z  INFO 5982 --- [           main] .s.d.r.c.RepositoryConfigurationDelegate : Bootstrapping Spring Data JPA repositories in DEFAULT mode.
2026-06-12T08:23:07.022Z  INFO 5982 --- [           main] .s.d.r.c.RepositoryConfigurationDelegate : Finished Spring Data repository scanning in 80 ms. Found 3 JPA repository interfaces.
2026-06-12T08:23:07.080Z  INFO 5982 --- [           main] beddedDataSourceBeanFactoryPostProcessor : Replacing 'dataSource' DataSource bean with embedded version
2026-06-12T08:23:07.185Z  INFO 5982 --- [           main] o.s.j.d.e.EmbeddedDatabaseFactory        : Starting embedded database: url='jdbc:h2:mem:0d60a042-541c-4973-b916-cbaeba7b6264;DB_CLOSE_DELAY=-1;DB_CLOSE_ON_EXIT=false', username='sa'
2026-06-12T08:23:07.332Z  INFO 5982 --- [           main] o.hibernate.jpa.internal.util.LogHelper  : HHH000204: Processing PersistenceUnitInfo [name: default]
2026-06-12T08:23:07.360Z  INFO 5982 --- [           main] org.hibernate.Version                    : HHH000412: Hibernate ORM core version 6.3.1.Final
2026-06-12T08:23:07.380Z  INFO 5982 --- [           main] o.h.c.internal.RegionFactoryInitiator    : HHH000026: Second-level cache disabled
2026-06-12T08:23:07.485Z  INFO 5982 --- [           main] o.s.o.j.p.SpringPersistenceUnitInfo      : No LoadTimeWeaver setup: ignoring JPA class transformer
2026-06-12T08:23:07.911Z  INFO 5982 --- [           main] o.h.e.t.j.p.i.JtaPlatformInitiator       : HHH000489: No JTA platform available (set 'hibernate.transaction.jta.platform' to enable JTA platform integration)
Hibernate: drop table if exists t_agent cascade 
Hibernate: drop table if exists t_agent_run_task cascade 
Hibernate: drop table if exists t_plan cascade 
Hibernate: create table t_agent (iteration_count integer not null, max_iterations integer not null, max_tokens integer not null, temperature float(53) not null, created_at timestamp(6) with time zone, updated_at timestamp(6) with time zone, description varchar(255), id varchar(255) not null, model varchar(255), name varchar(255) not null, status varchar(255), conversation_history clob, last_error clob, system_prompt clob, tool_names clob, primary key (id))
Hibernate: create table t_agent_run_task (created_at timestamp(6) with time zone, updated_at timestamp(6) with time zone, agent_id varchar(255), session_id varchar(255), status varchar(255), task_id varchar(255) not null, tenant_id varchar(255), user_id varchar(255), last_error clob, result_summary clob, primary key (task_id))
Hibernate: create table t_plan (current_step_index integer not null, agent_id varchar(255) not null, steps clob, primary key (agent_id))
Hibernate: create index idx_agent_id on t_agent_run_task (agent_id)
2026-06-12T08:23:07.929Z  INFO 5982 --- [           main] j.LocalContainerEntityManagerFactoryBean : Initialized JPA EntityManagerFactory for persistence unit 'default'
2026-06-12T08:23:08.194Z  INFO 5982 --- [           main] o.s.l.i.p.jpa.JpaRepositoriesTest        : Started JpaRepositoriesTest in 1.652 seconds (process running for 2.171)
Hibernate: select ad1_0.id,ad1_0.conversation_history,ad1_0.created_at,ad1_0.description,ad1_0.iteration_count,ad1_0.last_error,ad1_0.max_iterations,ad1_0.max_tokens,ad1_0.model,ad1_0.name,ad1_0.status,ad1_0.system_prompt,ad1_0.temperature,ad1_0.tool_names,ad1_0.updated_at from t_agent ad1_0 where ad1_0.id=?
]]></system-out>
  </testcase>
  <testcase name="shouldPersistPlanAndTask" classname="org.skylark.langur.infrastructure.persistence.jpa.JpaRepositoriesTest" time="0.104">
    <system-out><![CDATA[Hibernate: select pd1_0.agent_id,pd1_0.current_step_index,pd1_0.steps from t_plan pd1_0 where pd1_0.agent_id=?
Hibernate: select artd1_0.task_id,artd1_0.agent_id,artd1_0.created_at,artd1_0.last_error,artd1_0.result_summary,artd1_0.session_id,artd1_0.status,artd1_0.tenant_id,artd1_0.updated_at,artd1_0.user_id from t_agent_run_task artd1_0 where artd1_0.task_id=?
Hibernate: insert into t_plan (current_step_index,steps,agent_id) values (?,?,?)
Hibernate: insert into t_agent_run_task (agent_id,created_at,last_error,result_summary,session_id,status,tenant_id,updated_at,user_id,task_id) values (?,?,?,?,?,?,?,?,?,?)
Hibernate: select artd1_0.task_id,artd1_0.agent_id,artd1_0.created_at,artd1_0.last_error,artd1_0.result_summary,artd1_0.session_id,artd1_0.status,artd1_0.tenant_id,artd1_0.updated_at,artd1_0.user_id from t_agent_run_task artd1_0 where artd1_0.agent_id=?
]]></system-out>
  </testcase>
</testsuite>